[2013-05-10 08:13:39.177] [04E2F6B8] [info]    ############################################################################
[2013-05-10 08:13:39.177] [04E2F6B8] [info]    CasparCG Server is distributed by the Swedish Broadcasting Corporation (SVT)
[2013-05-10 08:13:39.177] [04E2F6B8] [info]    under the GNU General Public License GPLv3 or higher.
[2013-05-10 08:13:39.177] [04E2F6B8] [info]    Please see LICENSE.TXT for details.
[2013-05-10 08:13:39.177] [04E2F6B8] [info]    http://www.casparcg.com/
[2013-05-10 08:13:39.177] [04E2F6B8] [info]    ############################################################################
[2013-05-10 08:13:39.177] [04E2F6B8] [info]    Starting CasparCG Video and Graphics Playout Server 2.0.3.1cdee8b STABLE
[2013-05-10 08:13:39.177] [04E2F6B8] [info]    on Windows 7 Professional 
[2013-05-10 08:13:39.177] [04E2F6B8] [info]    Intel(R) Core(TM) i7 CPU       M 620  @ 2.67GHz Physical Threads: 4
[2013-05-10 08:13:39.177] [04E2F6B8] [info]    Latitude E6410
[2013-05-10 08:13:39.210] [04E2F6B8] [info]    Decklink Not found
[2013-05-10 08:13:39.215] [04E2F6B8] [info]    Bluefish Not found
[2013-05-10 08:13:39.215] [04E2F6B8] [info]    FreeImage 3.13.1
[2013-05-10 08:13:39.215] [04E2F6B8] [info]    FFMPEG-avcodec 53.36.0
[2013-05-10 08:13:39.215] [04E2F6B8] [info]    FFMPEG-avformat 53.21.0
[2013-05-10 08:13:39.215] [04E2F6B8] [info]    FFMPEG-avfilter 2.49.0
[2013-05-10 08:13:39.216] [04E2F6B8] [info]    FFMPEG-avutil 51.26.0
[2013-05-10 08:13:39.216] [04E2F6B8] [info]    FFMPEG-swscale 2.1.0
[2013-05-10 08:13:39.217] [04E2F6B8] [info]    Flash 11.7.700.169
[2013-05-10 08:13:39.217] [04E2F6B8] [info]    Template-Host Unknown
[2013-05-10 08:13:39.218] [04E2F6B8] [info]    casparcg.config:
-----------------------------------------
<?xml version="1.0" encoding="utf-8"?>
<configuration>
   <paths>
      <media-path>media\</media-path>
      <log-path>log\</log-path>
      <data-path>data\</data-path>
      <template-path>templates\</template-path>
   </paths>
   <log-level>trace</log-level>
   <channel-grid>false</channel-grid>
   <blend-modes>true</blend-modes>
   <force-deinterlace>true</force-deinterlace>
   <auto-transcode>true</auto-transcode>
   <accelerator>auto</accelerator>
   <flash>
      <buffer-depth>auto</buffer-depth>
   </flash>
   <channels/>
   <controllers>
      <tcp>
         <port>5250</port>
         <protocol>AMCP</protocol>
      </tcp>
   </controllers>
</configuration>
-----------------------------------------
[2013-05-10 08:13:39.218] [04E2F6B8] [info]    Initializing OpenGL Device.
[2013-05-10 08:13:39.275] [00CBA090] [info]    OpenGL 3.3.0 NVIDIA Corporation
[2013-05-10 08:13:39.275] [00CBA090] [info]    Successfully initialized OpenGL Device.
[2013-05-10 08:13:39.370] [04E2F6B8] [info]    Initialized ffmpeg module.
[2013-05-10 08:13:39.371] [04E2F6B8] [info]    Initialized bluefish module.
[2013-05-10 08:13:39.373] [04E2F6B8] [info]    Initialized decklink module.
[2013-05-10 08:13:39.374] [04E2F6B8] [info]    Initialized oal module.
[2013-05-10 08:13:39.374] [04E2F6B8] [info]    Initialized ogl module.
[2013-05-10 08:13:39.374] [04E2F6B8] [info]    Initialized image module.
[2013-05-10 08:13:39.374] [04E2F6B8] [info]    Initialized flash module.
[2013-05-10 08:13:39.374] [04E2F6B8] [info]    Initialized channels.
[2013-05-10 08:13:39.407] [04E2F6B8] [info]    Initialized thumbnail generator.
[2013-05-10 08:13:39.408] [04E2F6B8] [info]    WinSock2 Initialized.
[2013-05-10 08:13:39.409] [04E2F6B8] [info]    Listener successfully initialized
[2013-05-10 08:13:39.409] [04E2F6B8] [info]    Initialized controllers.
[2013-05-10 08:14:00.148] [04E2F6B8] [info]    Successfully shutdown CasparCG Server.
[2013-05-10 08:14:09.246] [04E0F878] [info]    ############################################################################
[2013-05-10 08:14:09.246] [04E0F878] [info]    CasparCG Server is distributed by the Swedish Broadcasting Corporation (SVT)
[2013-05-10 08:14:09.246] [04E0F878] [info]    under the GNU General Public License GPLv3 or higher.
[2013-05-10 08:14:09.246] [04E0F878] [info]    Please see LICENSE.TXT for details.
[2013-05-10 08:14:09.246] [04E0F878] [info]    http://www.casparcg.com/
[2013-05-10 08:14:09.246] [04E0F878] [info]    ############################################################################
[2013-05-10 08:14:09.246] [04E0F878] [info]    Starting CasparCG Video and Graphics Playout Server 2.0.3.1cdee8b STABLE
[2013-05-10 08:14:09.246] [04E0F878] [info]    on Windows 7 Professional 
[2013-05-10 08:14:09.246] [04E0F878] [info]    Intel(R) Core(TM) i7 CPU       M 620  @ 2.67GHz Physical Threads: 4
[2013-05-10 08:14:09.246] [04E0F878] [info]    Latitude E6410
[2013-05-10 08:14:09.261] [04E0F878] [info]    Decklink Not found
[2013-05-10 08:14:09.261] [04E0F878] [info]    Bluefish Not found
[2013-05-10 08:14:09.261] [04E0F878] [info]    FreeImage 3.13.1
[2013-05-10 08:14:09.261] [04E0F878] [info]    FFMPEG-avcodec 53.36.0
[2013-05-10 08:14:09.261] [04E0F878] [info]    FFMPEG-avformat 53.21.0
[2013-05-10 08:14:09.261] [04E0F878] [info]    FFMPEG-avfilter 2.49.0
[2013-05-10 08:14:09.261] [04E0F878] [info]    FFMPEG-avutil 51.26.0
[2013-05-10 08:14:09.277] [04E0F878] [info]    FFMPEG-swscale 2.1.0
[2013-05-10 08:14:09.277] [04E0F878] [info]    Flash 11.7.700.169
[2013-05-10 08:14:09.277] [04E0F878] [info]    Template-Host Unknown
[2013-05-10 08:14:09.278] [04E0F878] [info]    casparcg.config:
-----------------------------------------
<?xml version="1.0" encoding="utf-8"?>
<configuration>
   <paths>
      <media-path>media\</media-path>
      <log-path>log\</log-path>
      <data-path>data\</data-path>
      <template-path>templates\</template-path>
   </paths>
   <log-level>trace</log-level>
   <channel-grid>false</channel-grid>
   <blend-modes>true</blend-modes>
   <force-deinterlace>true</force-deinterlace>
   <auto-transcode>true</auto-transcode>
   <accelerator>auto</accelerator>
   <flash>
      <buffer-depth>auto</buffer-depth>
   </flash>
   <channels/>
   <controllers>
      <tcp>
         <port>5250</port>
         <protocol>AMCP</protocol>
      </tcp>
   </controllers>
</configuration>
-----------------------------------------
[2013-05-10 08:14:09.278] [04E0F878] [info]    Initializing OpenGL Device.
[2013-05-10 08:14:09.313] [0029A090] [info]    OpenGL 3.3.0 NVIDIA Corporation
[2013-05-10 08:14:09.313] [0029A090] [info]    Successfully initialized OpenGL Device.
[2013-05-10 08:14:09.407] [04E0F878] [info]    Initialized ffmpeg module.
[2013-05-10 08:14:09.408] [04E0F878] [info]    Initialized bluefish module.
[2013-05-10 08:14:09.411] [04E0F878] [info]    Initialized decklink module.
[2013-05-10 08:14:09.411] [04E0F878] [info]    Initialized oal module.
[2013-05-10 08:14:09.411] [04E0F878] [info]    Initialized ogl module.
[2013-05-10 08:14:09.411] [04E0F878] [info]    Initialized image module.
[2013-05-10 08:14:09.411] [04E0F878] [info]    Initialized flash module.
[2013-05-10 08:14:09.411] [04E0F878] [info]    Initialized channels.
[2013-05-10 08:14:09.441] [04E0F878] [info]    Initialized thumbnail generator.
[2013-05-10 08:14:09.441] [04E0F878] [info]    WinSock2 Initialized.
[2013-05-10 08:14:09.442] [04E0F878] [info]    Listener successfully initialized
[2013-05-10 08:14:09.442] [04E0F878] [info]    Initialized controllers.
[2013-05-10 08:14:13.204] [04E0F878] [info]    Successfully shutdown CasparCG Server.
[2013-05-10 08:17:54.526] [04EC5BA0] [info]    ############################################################################
[2013-05-10 08:17:54.526] [04EC5BA0] [info]    CasparCG Server is distributed by the Swedish Broadcasting Corporation (SVT)
[2013-05-10 08:17:54.526] [04EC5BA0] [info]    under the GNU General Public License GPLv3 or higher.
[2013-05-10 08:17:54.526] [04EC5BA0] [info]    Please see LICENSE.TXT for details.
[2013-05-10 08:17:54.526] [04EC5BA0] [info]    http://www.casparcg.com/
[2013-05-10 08:17:54.526] [04EC5BA0] [info]    ############################################################################
[2013-05-10 08:17:54.526] [04EC5BA0] [info]    Starting CasparCG Video and Graphics Playout Server 2.0.3.1cdee8b STABLE
[2013-05-10 08:17:54.526] [04EC5BA0] [info]    on Windows 7 Professional 
[2013-05-10 08:17:54.526] [04EC5BA0] [info]    Intel(R) Core(TM) i7 CPU       M 620  @ 2.67GHz Physical Threads: 4
[2013-05-10 08:17:54.526] [04EC5BA0] [info]    Latitude E6410
[2013-05-10 08:17:54.542] [04EC5BA0] [info]    Decklink Not found
[2013-05-10 08:17:54.542] [04EC5BA0] [info]    Bluefish Not found
[2013-05-10 08:17:54.542] [04EC5BA0] [info]    FreeImage 3.13.1
[2013-05-10 08:17:54.542] [04EC5BA0] [info]    FFMPEG-avcodec 53.36.0
[2013-05-10 08:17:54.542] [04EC5BA0] [info]    FFMPEG-avformat 53.21.0
[2013-05-10 08:17:54.542] [04EC5BA0] [info]    FFMPEG-avfilter 2.49.0
[2013-05-10 08:17:54.542] [04EC5BA0] [info]    FFMPEG-avutil 51.26.0
[2013-05-10 08:17:54.542] [04EC5BA0] [info]    FFMPEG-swscale 2.1.0
[2013-05-10 08:17:54.542] [04EC5BA0] [info]    Flash 11.7.700.169
[2013-05-10 08:17:54.542] [04EC5BA0] [info]    Template-Host Unknown
[2013-05-10 08:17:54.542] [04EC5BA0] [info]    casparcg.config:
-----------------------------------------
<?xml version="1.0" encoding="utf-8"?>
<configuration>
   <paths>
      <media-path>media\</media-path>
      <log-path>log\</log-path>
      <data-path>data\</data-path>
      <template-path>templates\</template-path>
   </paths>
   <log-level>trace</log-level>
   <channel-grid>false</channel-grid>
   <blend-modes>true</blend-modes>
   <force-deinterlace>true</force-deinterlace>
   <auto-transcode>true</auto-transcode>
   <accelerator>auto</accelerator>
   <flash>
      <buffer-depth>auto</buffer-depth>
   </flash>
   <channels/>
   <controllers>
      <tcp>
         <port>5250</port>
         <protocol>AMCP</protocol>
      </tcp>
   </controllers>
</configuration>
-----------------------------------------
[2013-05-10 08:17:54.542] [04EC5BA0] [info]    Initializing OpenGL Device.
[2013-05-10 08:17:54.588] [00FDA060] [info]    OpenGL 3.3.0 NVIDIA Corporation
[2013-05-10 08:17:54.588] [00FDA060] [info]    Successfully initialized OpenGL Device.
[2013-05-10 08:17:54.675] [04EC5BA0] [info]    Initialized ffmpeg module.
[2013-05-10 08:17:54.676] [04EC5BA0] [info]    Initialized bluefish module.
[2013-05-10 08:17:54.679] [04EC5BA0] [info]    Initialized decklink module.
[2013-05-10 08:17:54.679] [04EC5BA0] [info]    Initialized oal module.
[2013-05-10 08:17:54.679] [04EC5BA0] [info]    Initialized ogl module.
[2013-05-10 08:17:54.679] [04EC5BA0] [info]    Initialized image module.
[2013-05-10 08:17:54.679] [04EC5BA0] [info]    Initialized flash module.
[2013-05-10 08:17:54.679] [04EC5BA0] [info]    Initialized channels.
[2013-05-10 08:17:54.709] [04EC5BA0] [info]    Initialized thumbnail generator.
[2013-05-10 08:17:54.710] [04EC5BA0] [info]    WinSock2 Initialized.
[2013-05-10 08:17:54.711] [04EC5BA0] [info]    Listener successfully initialized
[2013-05-10 08:17:54.711] [04EC5BA0] [info]    Initialized controllers.
[2013-05-10 08:21:15.484] [04E85BA0] [info]    ############################################################################
[2013-05-10 08:21:15.484] [04E85BA0] [info]    CasparCG Server is distributed by the Swedish Broadcasting Corporation (SVT)
[2013-05-10 08:21:15.484] [04E85BA0] [info]    under the GNU General Public License GPLv3 or higher.
[2013-05-10 08:21:15.484] [04E85BA0] [info]    Please see LICENSE.TXT for details.
[2013-05-10 08:21:15.484] [04E85BA0] [info]    http://www.casparcg.com/
[2013-05-10 08:21:15.484] [04E85BA0] [info]    ############################################################################
[2013-05-10 08:21:15.484] [04E85BA0] [info]    Starting CasparCG Video and Graphics Playout Server 2.0.3.1cdee8b STABLE
[2013-05-10 08:21:15.484] [04E85BA0] [info]    on Windows 7 Professional 
[2013-05-10 08:21:15.484] [04E85BA0] [info]    Intel(R) Core(TM) i7 CPU       M 620  @ 2.67GHz Physical Threads: 4
[2013-05-10 08:21:15.484] [04E85BA0] [info]    Latitude E6410
[2013-05-10 08:21:15.500] [04E85BA0] [info]    Decklink Not found
[2013-05-10 08:21:15.500] [04E85BA0] [info]    Bluefish Not found
[2013-05-10 08:21:15.500] [04E85BA0] [info]    FreeImage 3.13.1
[2013-05-10 08:21:15.500] [04E85BA0] [info]    FFMPEG-avcodec 53.36.0
[2013-05-10 08:21:15.500] [04E85BA0] [info]    FFMPEG-avformat 53.21.0
[2013-05-10 08:21:15.500] [04E85BA0] [info]    FFMPEG-avfilter 2.49.0
[2013-05-10 08:21:15.500] [04E85BA0] [info]    FFMPEG-avutil 51.26.0
[2013-05-10 08:21:15.500] [04E85BA0] [info]    FFMPEG-swscale 2.1.0
[2013-05-10 08:21:15.500] [04E85BA0] [info]    Flash 11.7.700.169
[2013-05-10 08:21:15.500] [04E85BA0] [info]    Template-Host Unknown
[2013-05-10 08:21:15.500] [04E85BA0] [info]    casparcg.config:
-----------------------------------------
<?xml version="1.0" encoding="utf-8"?>
<configuration>
   <paths>
      <media-path>media\</media-path>
      <log-path>log\</log-path>
      <data-path>data\</data-path>
      <template-path>templates\</template-path>
   </paths>
   <log-level>trace</log-level>
   <channel-grid>false</channel-grid>
   <blend-modes>true</blend-modes>
   <force-deinterlace>true</force-deinterlace>
   <auto-transcode>true</auto-transcode>
   <accelerator>auto</accelerator>
   <flash>
      <buffer-depth>auto</buffer-depth>
   </flash>
   <channels/>
   <controllers>
      <tcp>
         <port>5250</port>
         <protocol>AMCP</protocol>
      </tcp>
   </controllers>
</configuration>
-----------------------------------------
[2013-05-10 08:21:15.500] [04E85BA0] [info]    Initializing OpenGL Device.
[2013-05-10 08:21:15.546] [002FA060] [info]    OpenGL 3.3.0 NVIDIA Corporation
[2013-05-10 08:21:15.546] [002FA060] [info]    Successfully initialized OpenGL Device.
[2013-05-10 08:21:15.636] [04E85BA0] [info]    Initialized ffmpeg module.
[2013-05-10 08:21:15.637] [04E85BA0] [info]    Initialized bluefish module.
[2013-05-10 08:21:15.640] [04E85BA0] [info]    Initialized decklink module.
[2013-05-10 08:21:15.640] [04E85BA0] [info]    Initialized oal module.
[2013-05-10 08:21:15.640] [04E85BA0] [info]    Initialized ogl module.
[2013-05-10 08:21:15.640] [04E85BA0] [info]    Initialized image module.
[2013-05-10 08:21:15.640] [04E85BA0] [info]    Initialized flash module.
[2013-05-10 08:21:15.641] [04E85BA0] [info]    Initialized channels.
[2013-05-10 08:21:15.668] [04E85BA0] [info]    Initialized thumbnail generator.
[2013-05-10 08:21:15.668] [04E85BA0] [info]    WinSock2 Initialized.
[2013-05-10 08:21:15.669] [04E85BA0] [info]    Listener successfully initialized
[2013-05-10 08:21:15.669] [04E85BA0] [info]    Initialized controllers.
[2013-05-10 08:21:54.798] [04D9F678] [info]    ############################################################################
[2013-05-10 08:21:54.798] [04D9F678] [info]    CasparCG Server is distributed by the Swedish Broadcasting Corporation (SVT)
[2013-05-10 08:21:54.798] [04D9F678] [info]    under the GNU General Public License GPLv3 or higher.
[2013-05-10 08:21:54.798] [04D9F678] [info]    Please see LICENSE.TXT for details.
[2013-05-10 08:21:54.798] [04D9F678] [info]    http://www.casparcg.com/
[2013-05-10 08:21:54.798] [04D9F678] [info]    ############################################################################
[2013-05-10 08:21:54.798] [04D9F678] [info]    Starting CasparCG Video and Graphics Playout Server 2.0.3.1cdee8b STABLE
[2013-05-10 08:21:54.798] [04D9F678] [info]    on Windows 7 Professional 
[2013-05-10 08:21:54.798] [04D9F678] [info]    Intel(R) Core(TM) i7 CPU       M 620  @ 2.67GHz Physical Threads: 4
[2013-05-10 08:21:54.798] [04D9F678] [info]    Latitude E6410
[2013-05-10 08:21:54.815] [04D9F678] [info]    Decklink Not found
[2013-05-10 08:21:54.819] [04D9F678] [info]    Bluefish Not found
[2013-05-10 08:21:54.820] [04D9F678] [info]    FreeImage 3.13.1
[2013-05-10 08:21:54.820] [04D9F678] [info]    FFMPEG-avcodec 53.36.0
[2013-05-10 08:21:54.820] [04D9F678] [info]    FFMPEG-avformat 53.21.0
[2013-05-10 08:21:54.820] [04D9F678] [info]    FFMPEG-avfilter 2.49.0
[2013-05-10 08:21:54.820] [04D9F678] [info]    FFMPEG-avutil 51.26.0
[2013-05-10 08:21:54.821] [04D9F678] [info]    FFMPEG-swscale 2.1.0
[2013-05-10 08:21:54.821] [04D9F678] [info]    Flash 11.7.700.169
[2013-05-10 08:21:54.821] [04D9F678] [info]    Template-Host Unknown
[2013-05-10 08:21:54.821] [04D9F678] [info]    casparcg.config:
-----------------------------------------
<?xml version="1.0" encoding="utf-8"?>
<configuration>
   <paths>
      <media-path>media\</media-path>
      <log-path>log\</log-path>
      <data-path>data\</data-path>
      <template-path>templates\</template-path>
   </paths>
   <log-level>trace</log-level>
   <channel-grid>false</channel-grid>
   <blend-modes>true</blend-modes>
   <force-deinterlace>true</force-deinterlace>
   <auto-transcode>true</auto-transcode>
   <accelerator>auto</accelerator>
   <flash>
      <buffer-depth>auto</buffer-depth>
   </flash>
   <channels/>
   <controllers>
      <tcp>
         <port>5250</port>
         <protocol>AMCP</protocol>
      </tcp>
   </controllers>
</configuration>
-----------------------------------------
[2013-05-10 08:21:54.821] [04D9F678] [info]    Initializing OpenGL Device.
[2013-05-10 08:21:54.851] [0035A090] [info]    OpenGL 3.3.0 NVIDIA Corporation
[2013-05-10 08:21:54.851] [0035A090] [info]    Successfully initialized OpenGL Device.
[2013-05-10 08:21:54.942] [04D9F678] [info]    Initialized ffmpeg module.
[2013-05-10 08:21:54.943] [04D9F678] [info]    Initialized bluefish module.
[2013-05-10 08:21:54.945] [04D9F678] [info]    Initialized decklink module.
[2013-05-10 08:21:54.946] [04D9F678] [info]    Initialized oal module.
[2013-05-10 08:21:54.946] [04D9F678] [info]    Initialized ogl module.
[2013-05-10 08:21:54.946] [04D9F678] [info]    Initialized image module.
[2013-05-10 08:21:54.946] [04D9F678] [info]    Initialized flash module.
[2013-05-10 08:21:54.946] [04D9F678] [info]    Initialized channels.
[2013-05-10 08:21:54.974] [04D9F678] [info]    Initialized thumbnail generator.
[2013-05-10 08:21:54.975] [04D9F678] [info]    WinSock2 Initialized.
[2013-05-10 08:21:54.976] [04D9F678] [info]    Listener successfully initialized
[2013-05-10 08:21:54.976] [04D9F678] [info]    Initialized controllers.
[2013-05-10 08:22:26.529] [04FD5BA0] [info]    ############################################################################
[2013-05-10 08:22:26.529] [04FD5BA0] [info]    CasparCG Server is distributed by the Swedish Broadcasting Corporation (SVT)
[2013-05-10 08:22:26.529] [04FD5BA0] [info]    under the GNU General Public License GPLv3 or higher.
[2013-05-10 08:22:26.529] [04FD5BA0] [info]    Please see LICENSE.TXT for details.
[2013-05-10 08:22:26.529] [04FD5BA0] [info]    http://www.casparcg.com/
[2013-05-10 08:22:26.529] [04FD5BA0] [info]    ############################################################################
[2013-05-10 08:22:26.529] [04FD5BA0] [info]    Starting CasparCG Video and Graphics Playout Server 2.0.3.1cdee8b STABLE
[2013-05-10 08:22:26.529] [04FD5BA0] [info]    on Windows 7 Professional 
[2013-05-10 08:22:26.529] [04FD5BA0] [info]    Intel(R) Core(TM) i7 CPU       M 620  @ 2.67GHz Physical Threads: 4
[2013-05-10 08:22:26.529] [04FD5BA0] [info]    Latitude E6410
[2013-05-10 08:22:26.557] [04FD5BA0] [info]    Decklink Not found
[2013-05-10 08:22:26.561] [04FD5BA0] [info]    Bluefish Not found
[2013-05-10 08:22:26.562] [04FD5BA0] [info]    FreeImage 3.13.1
[2013-05-10 08:22:26.562] [04FD5BA0] [info]    FFMPEG-avcodec 53.36.0
[2013-05-10 08:22:26.562] [04FD5BA0] [info]    FFMPEG-avformat 53.21.0
[2013-05-10 08:22:26.562] [04FD5BA0] [info]    FFMPEG-avfilter 2.49.0
[2013-05-10 08:22:26.562] [04FD5BA0] [info]    FFMPEG-avutil 51.26.0
[2013-05-10 08:22:26.563] [04FD5BA0] [info]    FFMPEG-swscale 2.1.0
[2013-05-10 08:22:26.563] [04FD5BA0] [info]    Flash 11.7.700.169
[2013-05-10 08:22:26.563] [04FD5BA0] [info]    Template-Host Unknown
[2013-05-10 08:22:26.563] [04FD5BA0] [info]    casparcg.config:
-----------------------------------------
<?xml version="1.0" encoding="utf-8"?>
<configuration>
   <paths>
      <media-path>media\</media-path>
      <log-path>log\</log-path>
      <data-path>data\</data-path>
      <template-path>templates\</template-path>
   </paths>
   <log-level>trace</log-level>
   <channel-grid>false</channel-grid>
   <blend-modes>true</blend-modes>
   <force-deinterlace>true</force-deinterlace>
   <auto-transcode>true</auto-transcode>
   <accelerator>auto</accelerator>
   <flash>
      <buffer-depth>auto</buffer-depth>
   </flash>
   <channels/>
   <controllers>
      <tcp>
         <port>5250</port>
         <protocol>AMCP</protocol>
      </tcp>
   </controllers>
</configuration>
-----------------------------------------
[2013-05-10 08:22:26.564] [04FD5BA0] [info]    Initializing OpenGL Device.
[2013-05-10 08:22:26.600] [00FFA090] [info]    OpenGL 3.3.0 NVIDIA Corporation
[2013-05-10 08:22:26.600] [00FFA090] [info]    Successfully initialized OpenGL Device.
[2013-05-10 08:22:26.692] [04FD5BA0] [info]    Initialized ffmpeg module.
[2013-05-10 08:22:26.693] [04FD5BA0] [info]    Initialized bluefish module.
[2013-05-10 08:22:26.696] [04FD5BA0] [info]    Initialized decklink module.
[2013-05-10 08:22:26.696] [04FD5BA0] [info]    Initialized oal module.
[2013-05-10 08:22:26.696] [04FD5BA0] [info]    Initialized ogl module.
[2013-05-10 08:22:26.696] [04FD5BA0] [info]    Initialized image module.
[2013-05-10 08:22:26.696] [04FD5BA0] [info]    Initialized flash module.
[2013-05-10 08:22:26.696] [04FD5BA0] [info]    Initialized channels.
[2013-05-10 08:22:26.726] [04FD5BA0] [info]    Initialized thumbnail generator.
[2013-05-10 08:22:26.727] [04FD5BA0] [info]    WinSock2 Initialized.
[2013-05-10 08:22:26.729] [04FD5BA0] [info]    Listener successfully initialized
[2013-05-10 08:22:26.729] [04FD5BA0] [info]    Initialized controllers.
[2013-05-10 08:22:37.476] [04FD5BA0] [info]    Successfully shutdown CasparCG Server.
[2013-05-10 08:23:23.053] [04F85BA0] [info]    ############################################################################
[2013-05-10 08:23:23.053] [04F85BA0] [info]    CasparCG Server is distributed by the Swedish Broadcasting Corporation (SVT)
[2013-05-10 08:23:23.053] [04F85BA0] [info]    under the GNU General Public License GPLv3 or higher.
[2013-05-10 08:23:23.053] [04F85BA0] [info]    Please see LICENSE.TXT for details.
[2013-05-10 08:23:23.053] [04F85BA0] [info]    http://www.casparcg.com/
[2013-05-10 08:23:23.053] [04F85BA0] [info]    ############################################################################
[2013-05-10 08:23:23.053] [04F85BA0] [info]    Starting CasparCG Video and Graphics Playout Server 2.0.3.1cdee8b STABLE
[2013-05-10 08:23:23.053] [04F85BA0] [info]    on Windows 7 Professional 
[2013-05-10 08:23:23.053] [04F85BA0] [info]    Intel(R) Core(TM) i7 CPU       M 620  @ 2.67GHz Physical Threads: 4
[2013-05-10 08:23:23.053] [04F85BA0] [info]    Latitude E6410
[2013-05-10 08:23:23.075] [04F85BA0] [info]    Decklink Not found
[2013-05-10 08:23:23.079] [04F85BA0] [info]    Bluefish Not found
[2013-05-10 08:23:23.079] [04F85BA0] [info]    FreeImage 3.13.1
[2013-05-10 08:23:23.079] [04F85BA0] [info]    FFMPEG-avcodec 53.36.0
[2013-05-10 08:23:23.080] [04F85BA0] [info]    FFMPEG-avformat 53.21.0
[2013-05-10 08:23:23.080] [04F85BA0] [info]    FFMPEG-avfilter 2.49.0
[2013-05-10 08:23:23.080] [04F85BA0] [info]    FFMPEG-avutil 51.26.0
[2013-05-10 08:23:23.080] [04F85BA0] [info]    FFMPEG-swscale 2.1.0
[2013-05-10 08:23:23.080] [04F85BA0] [info]    Flash 11.7.700.169
[2013-05-10 08:23:23.080] [04F85BA0] [info]    Template-Host Unknown
[2013-05-10 08:23:23.080] [04F85BA0] [info]    casparcg.config:
-----------------------------------------
<?xml version="1.0" encoding="utf-8"?>
<configuration>
   <paths>
      <media-path>media\</media-path>
      <log-path>log\</log-path>
      <data-path>data\</data-path>
      <template-path>templates\</template-path>
   </paths>
   <log-level>trace</log-level>
   <channel-grid>false</channel-grid>
   <blend-modes>true</blend-modes>
   <force-deinterlace>true</force-deinterlace>
   <auto-transcode>true</auto-transcode>
   <accelerator>auto</accelerator>
   <flash>
      <buffer-depth>auto</buffer-depth>
   </flash>
   <channels/>
   <controllers>
      <tcp>
         <port>5250</port>
         <protocol>AMCP</protocol>
      </tcp>
   </controllers>
</configuration>
-----------------------------------------
[2013-05-10 08:23:23.081] [04F85BA0] [info]    Initializing OpenGL Device.
[2013-05-10 08:23:23.111] [00D3A060] [info]    OpenGL 3.3.0 NVIDIA Corporation
[2013-05-10 08:23:23.111] [00D3A060] [info]    Successfully initialized OpenGL Device.
[2013-05-10 08:23:23.204] [04F85BA0] [info]    Initialized ffmpeg module.
[2013-05-10 08:23:23.205] [04F85BA0] [info]    Initialized bluefish module.
[2013-05-10 08:23:23.208] [04F85BA0] [info]    Initialized decklink module.
[2013-05-10 08:23:23.208] [04F85BA0] [info]    Initialized oal module.
[2013-05-10 08:23:23.208] [04F85BA0] [info]    Initialized ogl module.
[2013-05-10 08:23:23.208] [04F85BA0] [info]    Initialized image module.
[2013-05-10 08:23:23.208] [04F85BA0] [info]    Initialized flash module.
[2013-05-10 08:23:23.208] [04F85BA0] [info]    Initialized channels.
[2013-05-10 08:23:23.237] [04F85BA0] [info]    Initialized thumbnail generator.
[2013-05-10 08:23:23.237] [04F85BA0] [info]    WinSock2 Initialized.
[2013-05-10 08:23:23.239] [04F85BA0] [info]    Listener successfully initialized
[2013-05-10 08:23:23.239] [04F85BA0] [info]    Initialized controllers.
[2013-05-10 08:23:33.268] [04F85BA0] [info]    Successfully shutdown CasparCG Server.
[2013-05-10 08:28:07.127] [04FB5BA0] [info]    ############################################################################
[2013-05-10 08:28:07.127] [04FB5BA0] [info]    CasparCG Server is distributed by the Swedish Broadcasting Corporation (SVT)
[2013-05-10 08:28:07.127] [04FB5BA0] [info]    under the GNU General Public License GPLv3 or higher.
[2013-05-10 08:28:07.127] [04FB5BA0] [info]    Please see LICENSE.TXT for details.
[2013-05-10 08:28:07.127] [04FB5BA0] [info]    http://www.casparcg.com/
[2013-05-10 08:28:07.127] [04FB5BA0] [info]    ############################################################################
[2013-05-10 08:28:07.127] [04FB5BA0] [info]    Starting CasparCG Video and Graphics Playout Server 2.0.3.1cdee8b STABLE
[2013-05-10 08:28:07.127] [04FB5BA0] [info]    on Windows 7 Professional 
[2013-05-10 08:28:07.127] [04FB5BA0] [info]    Intel(R) Core(TM) i7 CPU       M 620  @ 2.67GHz Physical Threads: 4
[2013-05-10 08:28:07.127] [04FB5BA0] [info]    Latitude E6410
[2013-05-10 08:28:07.146] [04FB5BA0] [info]    Decklink Not found
[2013-05-10 08:28:07.150] [04FB5BA0] [info]    Bluefish Not found
[2013-05-10 08:28:07.150] [04FB5BA0] [info]    FreeImage 3.13.1
[2013-05-10 08:28:07.151] [04FB5BA0] [info]    FFMPEG-avcodec 53.36.0
[2013-05-10 08:28:07.151] [04FB5BA0] [info]    FFMPEG-avformat 53.21.0
[2013-05-10 08:28:07.151] [04FB5BA0] [info]    FFMPEG-avfilter 2.49.0
[2013-05-10 08:28:07.151] [04FB5BA0] [info]    FFMPEG-avutil 51.26.0
[2013-05-10 08:28:07.151] [04FB5BA0] [info]    FFMPEG-swscale 2.1.0
[2013-05-10 08:28:07.151] [04FB5BA0] [info]    Flash 11.7.700.169
[2013-05-10 08:28:07.151] [04FB5BA0] [info]    Template-Host Unknown
[2013-05-10 08:28:07.152] [04FB5BA0] [info]    casparcg.config:
-----------------------------------------
<?xml version="1.0" encoding="utf-8"?>
<configuration>
   <paths>
      <media-path>media\</media-path>
      <log-path>log\</log-path>
      <data-path>data\</data-path>
      <template-path>templates\</template-path>
   </paths>
   <log-level>trace</log-level>
   <channel-grid>false</channel-grid>
   <blend-modes>true</blend-modes>
   <force-deinterlace>true</force-deinterlace>
   <auto-transcode>true</auto-transcode>
   <accelerator>auto</accelerator>
   <flash>
      <buffer-depth>auto</buffer-depth>
   </flash>
   <channels/>
   <controllers>
      <tcp>
         <port>5250</port>
         <protocol>AMCP</protocol>
      </tcp>
   </controllers>
</configuration>
-----------------------------------------
[2013-05-10 08:28:07.152] [04FB5BA0] [info]    Initializing OpenGL Device.
[2013-05-10 08:28:07.180] [00D5A090] [info]    OpenGL 3.3.0 NVIDIA Corporation
[2013-05-10 08:28:07.180] [00D5A090] [info]    Successfully initialized OpenGL Device.
[2013-05-10 08:28:07.274] [04FB5BA0] [info]    Initialized ffmpeg module.
[2013-05-10 08:28:07.274] [04FB5BA0] [info]    Initialized bluefish module.
[2013-05-10 08:28:07.278] [04FB5BA0] [info]    Initialized decklink module.
[2013-05-10 08:28:07.278] [04FB5BA0] [info]    Initialized oal module.
[2013-05-10 08:28:07.278] [04FB5BA0] [info]    Initialized ogl module.
[2013-05-10 08:28:07.278] [04FB5BA0] [info]    Initialized image module.
[2013-05-10 08:28:07.278] [04FB5BA0] [info]    Initialized flash module.
[2013-05-10 08:28:07.278] [04FB5BA0] [info]    Initialized channels.
[2013-05-10 08:28:07.308] [04FB5BA0] [info]    Initialized thumbnail generator.
[2013-05-10 08:28:07.309] [04FB5BA0] [info]    WinSock2 Initialized.
[2013-05-10 08:28:07.310] [04FB5BA0] [info]    Listener successfully initialized
[2013-05-10 08:28:07.310] [04FB5BA0] [info]    Initialized controllers.
[2013-05-10 08:28:23.140] [04FB5BA0] [info]    Successfully shutdown CasparCG Server.
